#
# A fatal error has been detected by the Java Runtime Environment:
#
#  EXCEPTION_ACCESS_VIOLATION (0xc0000005) at pc=0x0000000004651b1c, pid=3040, tid=0x00000000000030bc
#
# JRE version: Java(TM) SE Runtime Environment (8.0_201-b09) (build 1.8.0_201-b09)
# Java VM: Java HotSpot(TM) 64-Bit Server VM (25.201-b09 mixed mode windows-amd64 compressed oops)
# Problematic frame:
# j  entity.Program.main([Ljava/lang/String;)V+81
#
# Failed to write core dump. Minidumps are not enabled by default on client versions of Windows
#
# If you would like to submit a bug report, please visit:
#   http://bugreport.java.com/bugreport/crash.jsp
#

---------------  T H R E A D  ---------------

Current thread (0x00000000042e3000):  JavaThread "main" [_thread_in_Java, id=12476, stack(0x0000000004190000,0x0000000004290000)]

siginfo: ExceptionCode=0xc0000005, reading address 0x0000000018bdc750

Registers:
RAX=0x0000000000000000, RBX=0x00000000000000b2, RCX=0x0000000018a706e0, RDX=0x000000000002d80c
RSP=0x000000000428f450, RBP=0x000000000428f498, RSI=0x0000000000000001, RDI=0x0000000000000000
R8 =0x0000000000000004, R9 =0x00000000046177b0, R10=0x00000000568daef0, R11=0x00000000190268d0
R12=0x0000000000000000, R13=0x0000000018a705a1, R14=0x000000000428f4e0, R15=0x00000000042e3000
RIP=0x0000000004651b1c, EFLAGS=0x0000000000010206

Top of Stack: (sp=0x000000000428f450)
0x000000000428f450:   00000000d60137a0 000000000428f458
0x000000000428f460:   0000000018a705a1 000000000428f4e0
0x000000000428f470:   0000000018a706e0 0000000000000000
0x000000000428f480:   0000000018a70648 0000000000000000
0x000000000428f490:   000000000428f4e0 000000000428f5c0
0x000000000428f4a0:   00000000046208da 0000000000000000
0x000000000428f4b0:   0000000000000000 0000000000000059
0x000000000428f4c0:   00000000d6213818 0000000000002154
0x000000000428f4d0:   00000000d6207978 00000000d6088e78
0x000000000428f4e0:   00000000d6083c30 cafebabecafebabe
0x000000000428f4f0:   cafebabecafebabe 0000000000000000
0x000000000428f500:   0000000000000000 0000000000000000
0x000000000428f510:   0000000000000000 0000000000000000
0x000000000428f520:   0000000000000000 0000000000000000
0x000000000428f530:   0000000000000000 0000000000000000
0x000000000428f540:   0000000000000000 0000000000000000 

Instructions: (pc=0x0000000004651b1c)
0x0000000004651afc:   24 e9 0e 00 00 00 48 83 ec 10 48 89 04 24 e9 01
0x0000000004651b0c:   00 00 00 50 41 0f b7 55 01 48 8b 4d d8 c1 e2 02
0x0000000004651b1c:   8b 5c d1 10 c1 eb 10 81 e3 ff 00 00 00 81 fb b2
0x0000000004651b2c:   00 00 00 0f 84 51 01 00 00 bb b2 00 00 00 e8 05 


Register to memory mapping:

RAX=0x0000000000000000 is an unknown value
RBX=0x00000000000000b2 is an unknown value
RCX=0x0000000018a706e0 is pointing into metadata
RDX=0x000000000002d80c is an unknown value
RSP=0x000000000428f450 is pointing into the stack for thread: 0x00000000042e3000
RBP=0x000000000428f498 is pointing into the stack for thread: 0x00000000042e3000
RSI=0x0000000000000001 is an unknown value
RDI=0x0000000000000000 is an unknown value
R8 =0x0000000000000004 is an unknown value
R9 =0x00000000046177b0 is an unknown value
R10=0x00000000568daef0 is an unknown value
R11=0x00000000190268d0 is an unknown value
R12=0x0000000000000000 is an unknown value
R13=0x0000000018a705a1 is pointing into metadata
R14=0x000000000428f4e0 is pointing into the stack for thread: 0x00000000042e3000
R15=0x00000000042e3000 is a thread


Stack: [0x0000000004190000,0x0000000004290000],  sp=0x000000000428f450,  free space=1021k
Native frames: (J=compiled Java code, j=interpreted, Vv=VM code, C=native code)
C  0x0000000004651b1c


---------------  P R O C E S S  ---------------

Java Threads: ( => current thread )
  0x000000001cb73000 JavaThread "Service Thread" daemon [_thread_blocked, id=13756, stack(0x000000001d040000,0x000000001d140000)]
  0x000000001cb70800 JavaThread "C1 CompilerThread2" daemon [_thread_blocked, id=16324, stack(0x000000001cf40000,0x000000001d040000)]
  0x0000000019039000 JavaThread "C2 CompilerThread1" daemon [_thread_blocked, id=11112, stack(0x000000001ca40000,0x000000001cb40000)]
  0x0000000019037000 JavaThread "C2 CompilerThread0" daemon [_thread_blocked, id=16112, stack(0x000000001c940000,0x000000001ca40000)]
  0x0000000019029000 JavaThread "JDWP Command Reader" daemon [_thread_in_native, id=16152, stack(0x000000001c840000,0x000000001c940000)]
  0x0000000019027800 JavaThread "JDWP Event Helper Thread" daemon [_thread_blocked, id=7376, stack(0x000000001c740000,0x000000001c840000)]
  0x0000000019019000 JavaThread "JDWP Transport Listener: dt_socket" daemon [_thread_blocked, id=10964, stack(0x000000001c640000,0x000000001c740000)]
  0x000000001900d000 JavaThread "Attach Listener" daemon [_thread_blocked, id=2180, stack(0x000000001c200000,0x000000001c300000)]
  0x000000001900b800 JavaThread "Signal Dispatcher" daemon [_thread_blocked, id=15920, stack(0x000000001c100000,0x000000001c200000)]
  0x0000000018ffa800 JavaThread "Finalizer" daemon [_thread_blocked, id=16220, stack(0x000000001a270000,0x000000001a370000)]
  0x00000000043d1000 JavaThread "Reference Handler" daemon [_thread_blocked, id=12316, stack(0x000000001a170000,0x000000001a270000)]
=>0x00000000042e3000 JavaThread "main" [_thread_in_Java, id=12476, stack(0x0000000004190000,0x0000000004290000)]

Other Threads:
  0x0000000018fd8000 VMThread [stack: 0x000000001a070000,0x000000001a170000] [id=7724]
  0x000000001cb79800 WatcherThread [stack: 0x000000001d140000,0x000000001d240000] [id=8896]

VM state:not at safepoint (normal execution)

VM Mutex/Monitor currently owned by a thread: None

heap address: 0x0000000082000000, size: 2016 MB, Compressed Oops mode: 32-bit
Narrow klass base: 0x0000000000000000, Narrow klass shift: 3
Compressed class space size: 1073741824 Address: 0x0000000100000000

Heap:
 PSYoungGen      total 37888K, used 2621K [0x00000000d6000000, 0x00000000d8a00000, 0x0000000100000000)
  eden space 32768K, 8% used [0x00000000d6000000,0x00000000d628f678,0x00000000d8000000)
  from space 5120K, 0% used [0x00000000d8500000,0x00000000d8500000,0x00000000d8a00000)
  to   space 5120K, 0% used [0x00000000d8000000,0x00000000d8000000,0x00000000d8500000)
 ParOldGen       total 86016K, used 0K [0x0000000082000000, 0x0000000087400000, 0x00000000d6000000)
  object space 86016K, 0% used [0x0000000082000000,0x0000000082000000,0x0000000087400000)
 Metaspace       used 3339K, capacity 4502K, committed 4864K, reserved 1056768K
  class space    used 387K, capacity 390K, committed 512K, reserved 1048576K

Card table byte_map: [0x00000000139e0000,0x0000000013de0000] byte_map_base: 0x00000000135d0000

Marking Bits: (ParMarkBitMap*) 0x00000000568f4ce0
 Begin Bits: [0x0000000014380000, 0x0000000016300000)
 End Bits:   [0x0000000016300000, 0x0000000018280000)

Polling page: 0x0000000004290000

CodeCache: size=245760Kb used=1198Kb max_used=1198Kb free=244561Kb
 bounds [0x0000000004620000, 0x0000000004890000, 0x0000000013620000]
 total_blobs=306 nmethods=72 adapters=155
 compilation: enabled

Compilation events (10 events):
Event: 3.585 Thread 0x000000001cb70800   66       3       java.util.regex.ASCII::isAscii (13 bytes)
Event: 3.585 Thread 0x000000001cb70800 nmethod 66 0x000000000474a650 code [0x000000000474a7a0, 0x000000000474a930]
Event: 3.585 Thread 0x000000001cb70800   69       3       java.lang.Character::isBmpCodePoint (13 bytes)
Event: 3.585 Thread 0x000000001cb70800 nmethod 69 0x000000000474a990 code [0x000000000474aae0, 0x000000000474ac70]
Event: 3.585 Thread 0x000000001cb70800   71       3       java.util.regex.Pattern::next (33 bytes)
Event: 3.586 Thread 0x000000001cb70800 nmethod 71 0x000000000474acd0 code [0x000000000474ae40, 0x000000000474b128]
Event: 3.586 Thread 0x000000001cb70800   70       1       java.util.regex.Pattern::flags (5 bytes)
Event: 3.586 Thread 0x000000001cb70800 nmethod 70 0x000000000474b250 code [0x000000000474b3a0, 0x000000000474b4b0]
Event: 18.028 Thread 0x000000001cb70800   72       3       java.nio.Buffer::position (43 bytes)
Event: 18.029 Thread 0x000000001cb70800 nmethod 72 0x000000000474b510 code [0x000000000474b680, 0x000000000474b968]

GC Heap History (0 events):
No events

Deoptimization events (0 events):
No events

Classes redefined (2 events):
Event: 269.321 Thread 0x0000000018fd8000 redefined class name=entity.Program, count=1
Event: 521.777 Thread 0x0000000018fd8000 redefined class name=entity.Program, count=2

Internal exceptions (6 events):
Event: 0.146 Thread 0x00000000042e3000 Exception <a 'java/lang/NoSuchMethodError': Method sun.misc.Unsafe.defineClass(Ljava/lang/String;[BII)Ljava/lang/Class; name or signature does not match> (0x00000000d6007cb0) thrown at [C:\re\workspace\8-2-build-windows-amd64-cygwin\jdk8u201\12322\hotspot
Event: 0.146 Thread 0x00000000042e3000 Exception <a 'java/lang/NoSuchMethodError': Method sun.misc.Unsafe.prefetchRead(Ljava/lang/Object;J)V name or signature does not match> (0x00000000d6007f98) thrown at [C:\re\workspace\8-2-build-windows-amd64-cygwin\jdk8u201\12322\hotspot\src\share\vm\prim
Event: 3.569 Thread 0x00000000042e3000 Exception <a 'java/security/PrivilegedActionException'> (0x00000000d61ed6d8) thrown at [C:\re\workspace\8-2-build-windows-amd64-cygwin\jdk8u201\12322\hotspot\src\share\vm\prims\jvm.cpp, line 1502]
Event: 3.569 Thread 0x00000000042e3000 Exception <a 'java/security/PrivilegedActionException'> (0x00000000d61edad0) thrown at [C:\re\workspace\8-2-build-windows-amd64-cygwin\jdk8u201\12322\hotspot\src\share\vm\prims\jvm.cpp, line 1502]
Event: 3.570 Thread 0x00000000042e3000 Exception <a 'java/security/PrivilegedActionException'> (0x00000000d61f1928) thrown at [C:\re\workspace\8-2-build-windows-amd64-cygwin\jdk8u201\12322\hotspot\src\share\vm\prims\jvm.cpp, line 1502]
Event: 3.570 Thread 0x00000000042e3000 Exception <a 'java/security/PrivilegedActionException'> (0x00000000d61f1d20) thrown at [C:\re\workspace\8-2-build-windows-amd64-cygwin\jdk8u201\12322\hotspot\src\share\vm\prims\jvm.cpp, line 1502]

Events (10 events):
Event: 764.583 Executing VM operation: GetOwnedMonitorInfo
Event: 764.583 Executing VM operation: GetOwnedMonitorInfo done
Event: 764.583 Executing VM operation: GetCurrentContendedMonitor
Event: 764.583 Executing VM operation: GetCurrentContendedMonitor done
Event: 780.346 Executing VM operation: EnterInterpOnlyMode
Event: 780.346 Executing VM operation: EnterInterpOnlyMode done
Event: 780.346 Executing VM operation: GetCurrentLocation
Event: 780.346 Executing VM operation: GetCurrentLocation done
Event: 780.346 Executing VM operation: ChangeSingleStep
Event: 780.346 Executing VM operation: ChangeSingleStep done


Dynamic libraries:
0x00007ff6f4960000 - 0x00007ff6f4997000 	C:\Program Files\Java\jre1.8.0_201\bin\javaw.exe
0x00007ffa8f340000 - 0x00007ffa8f520000 	C:\Windows\SYSTEM32\ntdll.dll
0x00007ffa8d7e0000 - 0x00007ffa8d88e000 	C:\Windows\System32\KERNEL32.DLL
0x00007ffa8c5a0000 - 0x00007ffa8c806000 	C:\Windows\System32\KERNELBASE.dll
0x00007ffa8d430000 - 0x00007ffa8d4d1000 	C:\Windows\System32\ADVAPI32.dll
0x00007ffa8d390000 - 0x00007ffa8d42d000 	C:\Windows\System32\msvcrt.dll
0x00007ffa8dbb0000 - 0x00007ffa8dc0b000 	C:\Windows\System32\sechost.dll
0x00007ffa8d4e0000 - 0x00007ffa8d5ff000 	C:\Windows\System32\RPCRT4.dll
0x00007ffa8dc30000 - 0x00007ffa8ddbf000 	C:\Windows\System32\USER32.dll
0x00007ffa8be30000 - 0x00007ffa8be50000 	C:\Windows\System32\win32u.dll
0x00007ffa8c970000 - 0x00007ffa8c998000 	C:\Windows\System32\GDI32.dll
0x00007ffa8bc30000 - 0x00007ffa8bdc3000 	C:\Windows\System32\gdi32full.dll
0x00007ffa8b870000 - 0x00007ffa8b90b000 	C:\Windows\System32\msvcp_win.dll
0x00007ffa8bb30000 - 0x00007ffa8bc26000 	C:\Windows\System32\ucrtbase.dll
0x00007ffa7e620000 - 0x00007ffa7e889000 	C:\Windows\WinSxS\amd64_microsoft.windows.common-controls_6595b64144ccf1df_6.0.16299.214_none_15cad1489362ef88\COMCTL32.dll
0x00007ffa8d890000 - 0x00007ffa8db98000 	C:\Windows\System32\combase.dll
0x00007ffa8b7f0000 - 0x00007ffa8b862000 	C:\Windows\System32\bcryptPrimitives.dll
0x00007ffa8d360000 - 0x00007ffa8d38d000 	C:\Windows\System32\IMM32.DLL
0x00007ffa6e740000 - 0x00007ffa6e83c000 	C:\Program Files\Diebold\Warsaw\wslbscrwh64.dll
0x00007ffa8a570000 - 0x00007ffa8a5a1000 	C:\Windows\SYSTEM32\ntmarta.dll
0x00007ffa6f8f0000 - 0x00007ffa6fa0b000 	C:\Program Files\Diebold\Warsaw\wslbscr64.dll
0x0000000055ff0000 - 0x00000000560c1000 	C:\Program Files\Java\jre1.8.0_201\bin\msvcr100.dll
0x00000000560d0000 - 0x0000000056974000 	C:\Program Files\Java\jre1.8.0_201\bin\server\jvm.dll
0x00007ffa8dba0000 - 0x00007ffa8dba8000 	C:\Windows\System32\PSAPI.DLL
0x00007ffa7cd50000 - 0x00007ffa7cd59000 	C:\Windows\SYSTEM32\WSOCK32.dll
0x00007ffa8d770000 - 0x00007ffa8d7dc000 	C:\Windows\System32\WS2_32.dll
0x00007ffa89000000 - 0x00007ffa89023000 	C:\Windows\SYSTEM32\WINMM.dll
0x00007ffa7e8a0000 - 0x00007ffa7e8aa000 	C:\Windows\SYSTEM32\VERSION.dll
0x00007ffa88fd0000 - 0x00007ffa88ffa000 	C:\Windows\SYSTEM32\WINMMBASE.dll
0x00007ffa8b910000 - 0x00007ffa8b95a000 	C:\Windows\System32\cfgmgr32.dll
0x00007ffa77b60000 - 0x00007ffa77b6f000 	C:\Program Files\Java\jre1.8.0_201\bin\verify.dll
0x00007ffa71fe0000 - 0x00007ffa72009000 	C:\Program Files\Java\jre1.8.0_201\bin\java.dll
0x00007ffa77a60000 - 0x00007ffa77a95000 	C:\Program Files\Java\jre1.8.0_201\bin\jdwp.dll
0x00007ffa7e440000 - 0x00007ffa7e448000 	C:\Program Files\Java\jre1.8.0_201\bin\npt.dll
0x00007ffa75f30000 - 0x00007ffa75f46000 	C:\Program Files\Java\jre1.8.0_201\bin\zip.dll
0x000000001a470000 - 0x000000001b8a6000 	C:\Windows\System32\SHELL32.dll
0x00007ffa8d600000 - 0x00007ffa8d6a6000 	C:\Windows\System32\shcore.dll
0x000000001b8b0000 - 0x000000001bff7000 	C:\Windows\System32\windows.storage.dll
0x00007ffa8d6b0000 - 0x00007ffa8d701000 	C:\Windows\System32\shlwapi.dll
0x00007ffa8b700000 - 0x00007ffa8b711000 	C:\Windows\System32\kernel.appcore.dll
0x00007ffa8b6b0000 - 0x00007ffa8b6fc000 	C:\Windows\System32\powrprof.dll
0x00007ffa8b720000 - 0x00007ffa8b73b000 	C:\Windows\System32\profapi.dll
0x00007ffa7e3b0000 - 0x00007ffa7e3b9000 	C:\Program Files\Java\jre1.8.0_201\bin\dt_socket.dll
0x00007ffa77b40000 - 0x00007ffa77b56000 	C:\Windows\system32\napinsp.dll
0x00007ffa77b20000 - 0x00007ffa77b3a000 	C:\Windows\system32\pnrpnsp.dll
0x00007ffa88e40000 - 0x00007ffa88e58000 	C:\Windows\system32\NLAapi.dll
0x00007ffa8af20000 - 0x00007ffa8af86000 	C:\Windows\System32\mswsock.dll
0x00007ffa8acf0000 - 0x00007ffa8ada6000 	C:\Windows\SYSTEM32\DNSAPI.dll
0x00007ffa8cfe0000 - 0x00007ffa8cfe8000 	C:\Windows\System32\NSI.dll
0x00007ffa8acb0000 - 0x00007ffa8ace9000 	C:\Windows\SYSTEM32\IPHLPAPI.DLL
0x00007ffa77b10000 - 0x00007ffa77b1e000 	C:\Windows\System32\winrnr.dll
0x00007ffa77af0000 - 0x00007ffa77b05000 	C:\Windows\System32\wshbth.dll
0x00007ffa86af0000 - 0x00007ffa86b60000 	C:\Windows\System32\fwpuclnt.dll
0x00007ffa8b1f0000 - 0x00007ffa8b215000 	C:\Windows\SYSTEM32\bcrypt.dll
0x00007ffa80890000 - 0x00007ffa8089a000 	C:\Windows\System32\rasadhlp.dll
0x00007ffa8a060000 - 0x00007ffa8a228000 	C:\Windows\SYSTEM32\dbghelp.dll

VM Arguments:
jvm_args: -agentlib:jdwp=transport=dt_socket,suspend=y,address=localhost:55783 -Dfile.encoding=Cp1252 
java_command: entity.Program
java_class_path (initial): C:\Program Files\Java\jre1.8.0_201\lib\resources.jar;C:\Program Files\Java\jre1.8.0_201\lib\rt.jar;C:\Program Files\Java\jre1.8.0_201\lib\jsse.jar;C:\Program Files\Java\jre1.8.0_201\lib\jce.jar;C:\Program Files\Java\jre1.8.0_201\lib\charsets.jar;C:\Program Files\Java\jre1.8.0_201\lib\jfr.jar;C:\Program Files\Java\jre1.8.0_201\lib\ext\access-bridge-64.jar;C:\Program Files\Java\jre1.8.0_201\lib\ext\cldrdata.jar;C:\Program Files\Java\jre1.8.0_201\lib\ext\dnsns.jar;C:\Program Files\Java\jre1.8.0_201\lib\ext\jaccess.jar;C:\Program Files\Java\jre1.8.0_201\lib\ext\jfxrt.jar;C:\Program Files\Java\jre1.8.0_201\lib\ext\localedata.jar;C:\Program Files\Java\jre1.8.0_201\lib\ext\nashorn.jar;C:\Program Files\Java\jre1.8.0_201\lib\ext\sunec.jar;C:\Program Files\Java\jre1.8.0_201\lib\ext\sunjce_provider.jar;C:\Program Files\Java\jre1.8.0_201\lib\ext\sunmscapi.jar;C:\Program Files\Java\jre1.8.0_201\lib\ext\sunpkcs11.jar;C:\Program Files\Java\jre1.8.0_201\lib\ext\zipfs.jar;C:\Users\tchaves\eclipse-workspace\Sc4_Ex1\bin
Launcher Type: SUN_STANDARD

Environment Variables:
JAVA_HOME=C:\Program Files\Java\jdk-10.0.2
PATH=C:/Program Files/Java/jre1.8.0_201/bin/server;C:/Program Files/Java/jre1.8.0_201/bin;C:/Program Files/Java/jre1.8.0_201/lib/amd64;C:\Program Files (x86)\Common Files\Oracle\Java\javapath;C:\Program Files (x86)\Intel\Intel(R) Management Engine Components\iCLS\;C:\Program Files\Intel\Intel(R) Management Engine Components\iCLS\;C:\Windows\system32;C:\Windows;C:\Windows\System32\Wbem;C:\Windows\System32\WindowsPowerShell\v1.0\;C:\Program Files (x86)\Intel\Intel(R) Management Engine Components\DAL;C:\Program Files\Intel\Intel(R) Management Engine Components\DAL;C:\Program Files (x86)\Intel\Intel(R) Management Engine Components\IPT;C:\Program Files\Intel\Intel(R) Management Engine Components\IPT;C:\Program Files\Git\cmd;C:\Program Files\dotnet\;C:\Program Files\Java\jdk-10.0.2\bin;;C:\Program Files\Microsoft VS Code\bin;C:\Program Files\nodejs\;C:\Users\tchaves\AppData\Local\Microsoft\WindowsApps;C:\Program Files\Microsoft VS Code\bin;C:\Users\tchaves\AppData\Local\atom\bin;C:\Users\tchaves\AppData\Roaming\npm;C:\Windows\system32;
USERNAME=tchaves
OS=Windows_NT
PROCESSOR_IDENTIFIER=Intel64 Family 6 Model 142 Stepping 9, GenuineIntel



---------------  S Y S T E M  ---------------

OS: Windows 10.0 , 64 bit Build 16299 (10.0.16299.15)

CPU:total 4 (initial active 4) (2 cores per cpu, 2 threads per core) family 6 model 142 stepping 9, cmov, cx8, fxsr, mmx, sse, sse2, sse3, ssse3, sse4.1, sse4.2, popcnt, avx, avx2, aes, clmul, erms, 3dnowpref, lzcnt, ht, tsc, tscinvbit, bmi1, bmi2, adx

Memory: 4k page, physical 8251536k(1974128k free), swap 16123148k(1899828k free)

vm_info: Java HotSpot(TM) 64-Bit Server VM (25.201-b09) for windows-amd64 JRE (1.8.0_201-b09), built on Dec 15 2018 18:36:39 by "java_re" with MS VC++ 10.0 (VS2010)

time: Wed Feb 27 13:16:06 2019
timezone: Hora oficial do Brasil
elapsed time: 780 seconds (0d 0h 13m 0s)

